<?xml version="1.0" encoding="UTF-8"?>
<!-- Generated by org.testng.reporters.JUnitReportReporter -->
<testsuite skipped="0" hostname="LAPTOP-6BDUD9E1" name="contactTest.ReadDataTest" tests="1" failures="0" timestamp="2022-03-14T16:16:16 IST" time="0.011" errors="0">
  <testcase name="readDataTest" time="0.011" classname="contactTest.ReadDataTest"/>
  <system-out/>
</testsuite> <!-- contactTest.ReadDataTest -->
